GROUP,PACKAGE,CLASS,INSTRUCTION_MISSED,INSTRUCTION_COVERED,BRANCH_MISSED,BRANCH_COVERED,LINE_MISSED,LINE_COVERED,COMPLEXITY_MISSED,COMPLEXITY_COVERED,METHOD_MISSED,METHOD_COVERED
Infraestructure,default,UnitOfWork,35,0,2,0,10,0,3,0,2,0
Infraestructure,default,Infraestructure,21,0,0,0,9,0,2,0,2,0
Infraestructure,Context,IWriteDbContext,4,0,0,0,2,0,1,0,1,0
Infraestructure,Repository,AsientoRepository,14,0,0,0,6,0,3,0,3,0
Infraestructure,Repository,MarcaRepository,58,0,0,0,11,0,9,0,9,0
Infraestructure,Repository,AeronaveRepository,42,16,0,0,5,6,6,3,6,3
Infraestructure,Context.MongoDB,WriteDbContext,292,0,14,0,65,0,27,0,20,0
